<?xml version="1.0" encoding="UTF-8"?>
<testsuite xmlns:xsi="http://www.w3.org/2001/XMLSchema-instance" xsi:noNamespaceSchemaLocation="https://maven.apache.org/surefire/maven-surefire-plugin/xsd/surefire-test-report-3.0.xsd" version="3.0" name="TestSuite" time="55.88" tests="10" errors="0" skipped="0" failures="0">
  <properties>
    <property name="java.specification.version" value="17"/>
    <property name="sun.cpu.isalist" value="amd64"/>
    <property name="sun.jnu.encoding" value="Cp1252"/>
    <property name="java.class.path" value="C:\Users\31-10-2022\RestAssuredTraining\PetStoreAutomation\target\test-classes;C:\Users\31-10-2022\RestAssuredTraining\PetStoreAutomation\target\classes;C:\Users\31-10-2022\.m2\repository\io\rest-assured\rest-assured\5.3.1\rest-assured-5.3.1.jar;C:\Users\31-10-2022\.m2\repository\org\apache\groovy\groovy\4.0.11\groovy-4.0.11.jar;C:\Users\31-10-2022\.m2\repository\org\apache\groovy\groovy-xml\4.0.11\groovy-xml-4.0.11.jar;C:\Users\31-10-2022\.m2\repository\org\apache\httpcomponents\httpclient\4.5.13\httpclient-4.5.13.jar;C:\Users\31-10-2022\.m2\repository\org\apache\httpcomponents\httpcore\4.4.13\httpcore-4.4.13.jar;C:\Users\31-10-2022\.m2\repository\commons-logging\commons-logging\1.2\commons-logging-1.2.jar;C:\Users\31-10-2022\.m2\repository\commons-codec\commons-codec\1.11\commons-codec-1.11.jar;C:\Users\31-10-2022\.m2\repository\org\apache\httpcomponents\httpmime\4.5.13\httpmime-4.5.13.jar;C:\Users\31-10-2022\.m2\repository\org\hamcrest\hamcrest\2.2\hamcrest-2.2.jar;C:\Users\31-10-2022\.m2\repository\org\ccil\cowan\tagsoup\tagsoup\1.2.1\tagsoup-1.2.1.jar;C:\Users\31-10-2022\.m2\repository\io\rest-assured\xml-path\5.3.1\xml-path-5.3.1.jar;C:\Users\31-10-2022\.m2\repository\io\rest-assured\json-path\5.3.1\json-path-5.3.1.jar;C:\Users\31-10-2022\.m2\repository\org\apache\groovy\groovy-json\4.0.11\groovy-json-4.0.11.jar;C:\Users\31-10-2022\.m2\repository\io\rest-assured\rest-assured-common\5.3.1\rest-assured-common-5.3.1.jar;C:\Users\31-10-2022\.m2\repository\org\json\json\20230618\json-20230618.jar;C:\Users\31-10-2022\.m2\repository\org\testng\testng\7.8.0\testng-7.8.0.jar;C:\Users\31-10-2022\.m2\repository\org\slf4j\slf4j-api\1.7.36\slf4j-api-1.7.36.jar;C:\Users\31-10-2022\.m2\repository\com\beust\jcommander\1.82\jcommander-1.82.jar;C:\Users\31-10-2022\.m2\repository\org\webjars\jquery\3.6.1\jquery-3.6.1.jar;C:\Users\31-10-2022\.m2\repository\com\github\scribejava\scribejava-apis\8.3.3\scribejava-apis-8.3.3.jar;C:\Users\31-10-2022\.m2\repository\com\github\scribejava\scribejava-core\8.3.3\scribejava-core-8.3.3.jar;C:\Users\31-10-2022\.m2\repository\com\github\scribejava\scribejava-java8\8.3.3\scribejava-java8-8.3.3.jar;C:\Users\31-10-2022\.m2\repository\com\fasterxml\jackson\core\jackson-databind\2.14.0\jackson-databind-2.14.0.jar;C:\Users\31-10-2022\.m2\repository\com\fasterxml\jackson\core\jackson-annotations\2.14.0\jackson-annotations-2.14.0.jar;C:\Users\31-10-2022\.m2\repository\com\fasterxml\jackson\core\jackson-core\2.14.0\jackson-core-2.14.0.jar;C:\Users\31-10-2022\.m2\repository\com\github\fge\json-schema-validator\2.2.6\json-schema-validator-2.2.6.jar;C:\Users\31-10-2022\.m2\repository\com\google\code\findbugs\jsr305\3.0.0\jsr305-3.0.0.jar;C:\Users\31-10-2022\.m2\repository\joda-time\joda-time\2.3\joda-time-2.3.jar;C:\Users\31-10-2022\.m2\repository\com\googlecode\libphonenumber\libphonenumber\6.2\libphonenumber-6.2.jar;C:\Users\31-10-2022\.m2\repository\com\github\fge\json-schema-core\1.2.5\json-schema-core-1.2.5.jar;C:\Users\31-10-2022\.m2\repository\com\github\fge\uri-template\0.9\uri-template-0.9.jar;C:\Users\31-10-2022\.m2\repository\com\github\fge\msg-simple\1.1\msg-simple-1.1.jar;C:\Users\31-10-2022\.m2\repository\com\github\fge\btf\1.2\btf-1.2.jar;C:\Users\31-10-2022\.m2\repository\com\google\guava\guava\16.0.1\guava-16.0.1.jar;C:\Users\31-10-2022\.m2\repository\com\github\fge\jackson-coreutils\1.8\jackson-coreutils-1.8.jar;C:\Users\31-10-2022\.m2\repository\org\mozilla\rhino\1.7R4\rhino-1.7R4.jar;C:\Users\31-10-2022\.m2\repository\javax\mail\mailapi\1.4.3\mailapi-1.4.3.jar;C:\Users\31-10-2022\.m2\repository\javax\activation\activation\1.1\activation-1.1.jar;C:\Users\31-10-2022\.m2\repository\net\sf\jopt-simple\jopt-simple\4.6\jopt-simple-4.6.jar;C:\Users\31-10-2022\.m2\repository\com\github\javafaker\javafaker\1.0.2\javafaker-1.0.2.jar;C:\Users\31-10-2022\.m2\repository\org\apache\commons\commons-lang3\3.5\commons-lang3-3.5.jar;C:\Users\31-10-2022\.m2\repository\org\yaml\snakeyaml\1.23\snakeyaml-1.23-android.jar;C:\Users\31-10-2022\.m2\repository\com\github\mifmif\generex\1.0.2\generex-1.0.2.jar;C:\Users\31-10-2022\.m2\repository\dk\brics\automaton\automaton\1.11-8\automaton-1.11-8.jar;C:\Users\31-10-2022\.m2\repository\com\aventstack\extentreports\5.1.0\extentreports-5.1.0.jar;C:\Users\31-10-2022\.m2\repository\io\reactivex\rxjava3\rxjava\3.1.6\rxjava-3.1.6.jar;C:\Users\31-10-2022\.m2\repository\org\reactivestreams\reactive-streams\1.0.4\reactive-streams-1.0.4.jar;C:\Users\31-10-2022\.m2\repository\org\freemarker\freemarker\2.3.32\freemarker-2.3.32.jar;C:\Users\31-10-2022\.m2\repository\org\projectlombok\lombok\1.18.26\lombok-1.18.26.jar;C:\Users\31-10-2022\.m2\repository\com\google\code\gson\gson\2.10.1\gson-2.10.1.jar;C:\Users\31-10-2022\.m2\repository\org\apache\poi\poi-ooxml\5.2.3\poi-ooxml-5.2.3.jar;C:\Users\31-10-2022\.m2\repository\org\apache\poi\poi\5.2.3\poi-5.2.3.jar;C:\Users\31-10-2022\.m2\repository\org\apache\commons\commons-math3\3.6.1\commons-math3-3.6.1.jar;C:\Users\31-10-2022\.m2\repository\com\zaxxer\SparseBitSet\1.2\SparseBitSet-1.2.jar;C:\Users\31-10-2022\.m2\repository\org\apache\poi\poi-ooxml-lite\5.2.3\poi-ooxml-lite-5.2.3.jar;C:\Users\31-10-2022\.m2\repository\org\apache\xmlbeans\xmlbeans\5.1.1\xmlbeans-5.1.1.jar;C:\Users\31-10-2022\.m2\repository\org\apache\commons\commons-compress\1.21\commons-compress-1.21.jar;C:\Users\31-10-2022\.m2\repository\commons-io\commons-io\2.11.0\commons-io-2.11.0.jar;C:\Users\31-10-2022\.m2\repository\com\github\virtuald\curvesapi\1.07\curvesapi-1.07.jar;C:\Users\31-10-2022\.m2\repository\org\apache\logging\log4j\log4j-api\2.18.0\log4j-api-2.18.0.jar;C:\Users\31-10-2022\.m2\repository\org\apache\commons\commons-collections4\4.4\commons-collections4-4.4.jar;"/>
    <property name="java.vm.vendor" value="Oracle Corporation"/>
    <property name="sun.arch.data.model" value="64"/>
    <property name="user.variant" value=""/>
    <property name="java.vendor.url" value="https://java.oracle.com/"/>
    <property name="user.timezone" value="Asia/Karachi"/>
    <property name="os.name" value="Windows 10"/>
    <property name="java.vm.specification.version" value="17"/>
    <property name="sun.java.launcher" value="SUN_STANDARD"/>
    <property name="user.country" value="US"/>
    <property name="sun.boot.library.path" value="C:\Program Files\Java\jdk-17\bin"/>
    <property name="sun.java.command" value="C:\Users\31-10-2022\AppData\Local\Temp\surefire2325114291572674464\surefirebooter-20230903151518415_3.jar C:\Users\31-10-2022\AppData\Local\Temp\surefire2325114291572674464 2023-09-03T15-15-11_493-jvmRun1 surefire-20230903151518415_1tmp surefire_0-20230903151518415_2tmp"/>
    <property name="jdk.debug" value="release"/>
    <property name="surefire.test.class.path" value="C:\Users\31-10-2022\RestAssuredTraining\PetStoreAutomation\target\test-classes;C:\Users\31-10-2022\RestAssuredTraining\PetStoreAutomation\target\classes;C:\Users\31-10-2022\.m2\repository\io\rest-assured\rest-assured\5.3.1\rest-assured-5.3.1.jar;C:\Users\31-10-2022\.m2\repository\org\apache\groovy\groovy\4.0.11\groovy-4.0.11.jar;C:\Users\31-10-2022\.m2\repository\org\apache\groovy\groovy-xml\4.0.11\groovy-xml-4.0.11.jar;C:\Users\31-10-2022\.m2\repository\org\apache\httpcomponents\httpclient\4.5.13\httpclient-4.5.13.jar;C:\Users\31-10-2022\.m2\repository\org\apache\httpcomponents\httpcore\4.4.13\httpcore-4.4.13.jar;C:\Users\31-10-2022\.m2\repository\commons-logging\commons-logging\1.2\commons-logging-1.2.jar;C:\Users\31-10-2022\.m2\repository\commons-codec\commons-codec\1.11\commons-codec-1.11.jar;C:\Users\31-10-2022\.m2\repository\org\apache\httpcomponents\httpmime\4.5.13\httpmime-4.5.13.jar;C:\Users\31-10-2022\.m2\repository\org\hamcrest\hamcrest\2.2\hamcrest-2.2.jar;C:\Users\31-10-2022\.m2\repository\org\ccil\cowan\tagsoup\tagsoup\1.2.1\tagsoup-1.2.1.jar;C:\Users\31-10-2022\.m2\repository\io\rest-assured\xml-path\5.3.1\xml-path-5.3.1.jar;C:\Users\31-10-2022\.m2\repository\io\rest-assured\json-path\5.3.1\json-path-5.3.1.jar;C:\Users\31-10-2022\.m2\repository\org\apache\groovy\groovy-json\4.0.11\groovy-json-4.0.11.jar;C:\Users\31-10-2022\.m2\repository\io\rest-assured\rest-assured-common\5.3.1\rest-assured-common-5.3.1.jar;C:\Users\31-10-2022\.m2\repository\org\json\json\20230618\json-20230618.jar;C:\Users\31-10-2022\.m2\repository\org\testng\testng\7.8.0\testng-7.8.0.jar;C:\Users\31-10-2022\.m2\repository\org\slf4j\slf4j-api\1.7.36\slf4j-api-1.7.36.jar;C:\Users\31-10-2022\.m2\repository\com\beust\jcommander\1.82\jcommander-1.82.jar;C:\Users\31-10-2022\.m2\repository\org\webjars\jquery\3.6.1\jquery-3.6.1.jar;C:\Users\31-10-2022\.m2\repository\com\github\scribejava\scribejava-apis\8.3.3\scribejava-apis-8.3.3.jar;C:\Users\31-10-2022\.m2\repository\com\github\scribejava\scribejava-core\8.3.3\scribejava-core-8.3.3.jar;C:\Users\31-10-2022\.m2\repository\com\github\scribejava\scribejava-java8\8.3.3\scribejava-java8-8.3.3.jar;C:\Users\31-10-2022\.m2\repository\com\fasterxml\jackson\core\jackson-databind\2.14.0\jackson-databind-2.14.0.jar;C:\Users\31-10-2022\.m2\repository\com\fasterxml\jackson\core\jackson-annotations\2.14.0\jackson-annotations-2.14.0.jar;C:\Users\31-10-2022\.m2\repository\com\fasterxml\jackson\core\jackson-core\2.14.0\jackson-core-2.14.0.jar;C:\Users\31-10-2022\.m2\repository\com\github\fge\json-schema-validator\2.2.6\json-schema-validator-2.2.6.jar;C:\Users\31-10-2022\.m2\repository\com\google\code\findbugs\jsr305\3.0.0\jsr305-3.0.0.jar;C:\Users\31-10-2022\.m2\repository\joda-time\joda-time\2.3\joda-time-2.3.jar;C:\Users\31-10-2022\.m2\repository\com\googlecode\libphonenumber\libphonenumber\6.2\libphonenumber-6.2.jar;C:\Users\31-10-2022\.m2\repository\com\github\fge\json-schema-core\1.2.5\json-schema-core-1.2.5.jar;C:\Users\31-10-2022\.m2\repository\com\github\fge\uri-template\0.9\uri-template-0.9.jar;C:\Users\31-10-2022\.m2\repository\com\github\fge\msg-simple\1.1\msg-simple-1.1.jar;C:\Users\31-10-2022\.m2\repository\com\github\fge\btf\1.2\btf-1.2.jar;C:\Users\31-10-2022\.m2\repository\com\google\guava\guava\16.0.1\guava-16.0.1.jar;C:\Users\31-10-2022\.m2\repository\com\github\fge\jackson-coreutils\1.8\jackson-coreutils-1.8.jar;C:\Users\31-10-2022\.m2\repository\org\mozilla\rhino\1.7R4\rhino-1.7R4.jar;C:\Users\31-10-2022\.m2\repository\javax\mail\mailapi\1.4.3\mailapi-1.4.3.jar;C:\Users\31-10-2022\.m2\repository\javax\activation\activation\1.1\activation-1.1.jar;C:\Users\31-10-2022\.m2\repository\net\sf\jopt-simple\jopt-simple\4.6\jopt-simple-4.6.jar;C:\Users\31-10-2022\.m2\repository\com\github\javafaker\javafaker\1.0.2\javafaker-1.0.2.jar;C:\Users\31-10-2022\.m2\repository\org\apache\commons\commons-lang3\3.5\commons-lang3-3.5.jar;C:\Users\31-10-2022\.m2\repository\org\yaml\snakeyaml\1.23\snakeyaml-1.23-android.jar;C:\Users\31-10-2022\.m2\repository\com\github\mifmif\generex\1.0.2\generex-1.0.2.jar;C:\Users\31-10-2022\.m2\repository\dk\brics\automaton\automaton\1.11-8\automaton-1.11-8.jar;C:\Users\31-10-2022\.m2\repository\com\aventstack\extentreports\5.1.0\extentreports-5.1.0.jar;C:\Users\31-10-2022\.m2\repository\io\reactivex\rxjava3\rxjava\3.1.6\rxjava-3.1.6.jar;C:\Users\31-10-2022\.m2\repository\org\reactivestreams\reactive-streams\1.0.4\reactive-streams-1.0.4.jar;C:\Users\31-10-2022\.m2\repository\org\freemarker\freemarker\2.3.32\freemarker-2.3.32.jar;C:\Users\31-10-2022\.m2\repository\org\projectlombok\lombok\1.18.26\lombok-1.18.26.jar;C:\Users\31-10-2022\.m2\repository\com\google\code\gson\gson\2.10.1\gson-2.10.1.jar;C:\Users\31-10-2022\.m2\repository\org\apache\poi\poi-ooxml\5.2.3\poi-ooxml-5.2.3.jar;C:\Users\31-10-2022\.m2\repository\org\apache\poi\poi\5.2.3\poi-5.2.3.jar;C:\Users\31-10-2022\.m2\repository\org\apache\commons\commons-math3\3.6.1\commons-math3-3.6.1.jar;C:\Users\31-10-2022\.m2\repository\com\zaxxer\SparseBitSet\1.2\SparseBitSet-1.2.jar;C:\Users\31-10-2022\.m2\repository\org\apache\poi\poi-ooxml-lite\5.2.3\poi-ooxml-lite-5.2.3.jar;C:\Users\31-10-2022\.m2\repository\org\apache\xmlbeans\xmlbeans\5.1.1\xmlbeans-5.1.1.jar;C:\Users\31-10-2022\.m2\repository\org\apache\commons\commons-compress\1.21\commons-compress-1.21.jar;C:\Users\31-10-2022\.m2\repository\commons-io\commons-io\2.11.0\commons-io-2.11.0.jar;C:\Users\31-10-2022\.m2\repository\com\github\virtuald\curvesapi\1.07\curvesapi-1.07.jar;C:\Users\31-10-2022\.m2\repository\org\apache\logging\log4j\log4j-api\2.18.0\log4j-api-2.18.0.jar;C:\Users\31-10-2022\.m2\repository\org\apache\commons\commons-collections4\4.4\commons-collections4-4.4.jar;"/>
    <property name="sun.cpu.endian" value="little"/>
    <property name="user.home" value="C:\Users\31-10-2022"/>
    <property name="user.language" value="en"/>
    <property name="java.specification.vendor" value="Oracle Corporation"/>
    <property name="java.version.date" value="2021-09-14"/>
    <property name="java.home" value="C:\Program Files\Java\jdk-17"/>
    <property name="file.separator" value="\"/>
    <property name="basedir" value="C:\Users\31-10-2022\RestAssuredTraining\PetStoreAutomation"/>
    <property name="java.vm.compressedOopsMode" value="32-bit"/>
    <property name="line.separator" value="&#10;"/>
    <property name="java.vm.specification.vendor" value="Oracle Corporation"/>
    <property name="java.specification.name" value="Java Platform API Specification"/>
    <property name="surefire.real.class.path" value="C:\Users\31-10-2022\AppData\Local\Temp\surefire2325114291572674464\surefirebooter-20230903151518415_3.jar"/>
    <property name="user.script" value=""/>
    <property name="sun.management.compiler" value="HotSpot 64-Bit Tiered Compilers"/>
    <property name="java.runtime.version" value="17+35-LTS-2724"/>
    <property name="user.name" value="31-10-2022"/>
    <property name="path.separator" value=";"/>
    <property name="os.version" value="10.0"/>
    <property name="java.runtime.name" value="Java(TM) SE Runtime Environment"/>
    <property name="file.encoding" value="Cp1252"/>
    <property name="java.vm.name" value="Java HotSpot(TM) 64-Bit Server VM"/>
    <property name="localRepository" value="C:\Users\31-10-2022\.m2\repository"/>
    <property name="java.vendor.url.bug" value="https://bugreport.java.com/bugreport/"/>
    <property name="java.io.tmpdir" value="C:\Users\31-10-~1\AppData\Local\Temp\"/>
    <property name="java.version" value="17"/>
    <property name="user.dir" value="C:\Users\31-10-2022\RestAssuredTraining\PetStoreAutomation"/>
    <property name="os.arch" value="amd64"/>
    <property name="java.vm.specification.name" value="Java Virtual Machine Specification"/>
    <property name="sun.os.patch.level" value=""/>
    <property name="native.encoding" value="Cp1252"/>
    <property name="java.library.path" value="C:\Program Files\Java\jdk-17\bin;C:\Windows\Sun\Java\bin;C:\Windows\system32;C:\Windows;C:\Python311\Scripts\;C:\Python311\;C:\Program Files (x86)\VMware\VMware Workstation\bin\;C:\Program Files\Common Files\Oracle\Java\javapath;C:\Windows\system32;C:\Windows;C:\Windows\System32\Wbem;C:\Windows\System32\WindowsPowerShell\v1.0\;C:\Windows\System32\OpenSSH\;C:\Program Files\Java\jdk-17\bin;C:\Program Files\Git\cmd;C:\apache-ant-1.9.16\bin;C:\Program Files\Microsoft SQL Server\150\Tools\Binn\;C:\Program Files\Microsoft SQL Server\130\Tools\Binn\;C:\Program Files\dotnet\;C:\maven\apache-maven-3.9.0\bin;C:\Program Files\Microsoft SQL Server\Client SDK\ODBC\170\Tools\Binn\;C:\Program Files\nodejs\;C:\ProgramData\chocolatey\bin;C:\maven\apache-maven-3.9.0\bin;C:\Users\31-10-2022\AppData\Local\Microsoft\WindowsApps;C:\Program Files\Terraform;C:\Users\31-10-2022\.dotnet\tools;C:\Users\31-10-2022\AppData\Roaming\npm;."/>
    <property name="java.vm.info" value="mixed mode, sharing"/>
    <property name="java.vendor" value="Oracle Corporation"/>
    <property name="java.vm.version" value="17+35-LTS-2724"/>
    <property name="sun.io.unicode.encoding" value="UnicodeLittle"/>
    <property name="java.class.version" value="61.0"/>
  </properties>
  <testcase name="testPostUser[1010, testuser1, john, Canedy, a@gmail.com, test@1, 123456789](1)" classname="api.test.DDTest" time="11.6">
    <system-err><![CDATA[SLF4J: Failed to load class "org.slf4j.impl.StaticLoggerBinder".
SLF4J: Defaulting to no-operation (NOP) logger implementation
SLF4J: See http://www.slf4j.org/codes.html#StaticLoggerBinder for further details.
ERROR StatusLogger Log4j2 could not find a logging implementation. Please add log4j-core to the classpath. Using SimpleLogger to log to the console...
]]></system-err>
  </testcase>
  <testcase name="testPostUser[1020, testuser2, kim, Kom, b@gmail.com, test@2, 123456789](2)" classname="api.test.DDTest" time="2.085"/>
  <testcase name="testPostUser[100, testuser3, smith, Steve, c@gmail.com, test@3, 123456789](3)" classname="api.test.DDTest" time="2.052"/>
  <testcase name="testDeleteUserByName[testuser1](1)" classname="api.test.DDTest" time="1.942"/>
  <testcase name="testDeleteUserByName[testuser2](2)" classname="api.test.DDTest" time="3.479"/>
  <testcase name="testDeleteUserByName[testuser3](3)" classname="api.test.DDTest" time="1.951"/>
  <testcase name="testPostUser" classname="api.test.UserTests" time="2.515">
    <system-out><![CDATA[HTTP/1.1 200 OK
Date: Sun, 03 Sep 2023 10:16:03 GMT
Content-Type: application/json
Transfer-Encoding: chunked
Connection: keep-alive
Access-Control-Allow-Origin: *
Access-Control-Allow-Methods: GET, POST, DELETE, PUT
Access-Control-Allow-Headers: Content-Type, api_key, Authorization
Server: Jetty(9.2.9.v20150224)

{
    "code": 200,
    "type": "unknown",
    "message": "768702707"
}
]]></system-out>
  </testcase>
  <testcase name="testGetUserByName" classname="api.test.UserTests" time="6.023">
    <system-out><![CDATA[HTTP/1.1 200 OK
Date: Sun, 03 Sep 2023 10:16:09 GMT
Content-Type: application/json
Transfer-Encoding: chunked
Connection: keep-alive
Access-Control-Allow-Origin: *
Access-Control-Allow-Methods: GET, POST, DELETE, PUT
Access-Control-Allow-Headers: Content-Type, api_key, Authorization
Server: Jetty(9.2.9.v20150224)

{
    "id": 768702707,
    "username": "carol.lockman",
    "firstName": "Roseann",
    "lastName": "Smitham",
    "email": "lorri.oconner@example.com",
    "password": "ch99gf4nc",
    "phone": "418-482-5897",
    "userStatus": 0
}
]]></system-out>
  </testcase>
  <testcase name="testUpdateUserByName" classname="api.test.UserTests" time="4.358">
    <system-out><![CDATA[HTTP/1.1 200 OK
Date: Sun, 03 Sep 2023 10:16:11 GMT
Content-Type: application/json
Transfer-Encoding: chunked
Connection: keep-alive
Access-Control-Allow-Origin: *
Access-Control-Allow-Methods: GET, POST, DELETE, PUT
Access-Control-Allow-Headers: Content-Type, api_key, Authorization
Server: Jetty(9.2.9.v20150224)

{
    "code": 200,
    "type": "unknown",
    "message": "768702707"
}
]]></system-out>
  </testcase>
  <testcase name="testDeleteUserByName" classname="api.test.UserTests" time="1.757"/>
</testsuite>