<?xml version="1.0" encoding="UTF-8"?>
<!-- Generated by org.testng.reporters.JUnitReportReporter -->
<testsuite hostname="DESKTOP-0DU3MKO" failures="0" tests="6" name="api.test.DDTest" time="10.227" errors="0" timestamp="2023-09-02T01:40:21 PKT" skipped="0">
  <testcase classname="api.test.DDTest" name="testPostUser" time="1.566"/>
  <testcase classname="api.test.DDTest" name="testPostUser" time="1.964"/>
  <testcase classname="api.test.DDTest" name="testPostUser" time="1.953"/>
  <testcase classname="api.test.DDTest" name="testDeleteUserByName" time="1.534"/>
  <testcase classname="api.test.DDTest" name="testDeleteUserByName" time="1.730"/>
  <testcase classname="api.test.DDTest" name="testDeleteUserByName" time="1.480"/>
</testsuite> <!-- api.test.DDTest -->
