<?xml version="1.0" encoding="UTF-8"?>
<!-- Generated by org.testng.reporters.JUnitReportReporter -->
<testsuite hostname="DESKTOP-0DU3MKO" failures="0" tests="4" name="api.test.UserTests" time="13.952" errors="0" timestamp="2023-09-02T01:40:22 PKT" skipped="0">
  <testcase classname="api.test.UserTests" name="testPostUser" time="6.710"/>
  <testcase classname="api.test.UserTests" name="testGetUserByName" time="1.817"/>
  <testcase classname="api.test.UserTests" name="testUpdateUserByName" time="3.921"/>
  <testcase classname="api.test.UserTests" name="testDeleteUserByName" time="1.504"/>
</testsuite> <!-- api.test.UserTests -->
