<?xml version="1.0" encoding="UTF-8"?>
<!-- Generated by org.testng.reporters.JUnitReportReporter -->
<testsuite hostname="DESKTOP-0DU3MKO" failures="0" tests="6" name="api.test.DDTest" time="23.109" errors="0" timestamp="2023-09-03T15:16:15 PKT" skipped="0">
  <testcase classname="api.test.DDTest" name="testPostUser" time="2.084"/>
  <testcase classname="api.test.DDTest" name="testPostUser" time="11.600"/>
  <testcase classname="api.test.DDTest" name="testPostUser" time="2.051"/>
  <testcase classname="api.test.DDTest" name="testDeleteUserByName" time="3.480"/>
  <testcase classname="api.test.DDTest" name="testDeleteUserByName" time="1.951"/>
  <testcase classname="api.test.DDTest" name="testDeleteUserByName" time="1.943"/>
</testsuite> <!-- api.test.DDTest -->
