<?xml version="1.0" encoding="UTF-8"?>
<!-- Generated by org.testng.reporters.JUnitReportReporter -->
<testsuite hostname="DESKTOP-0DU3MKO" failures="0" tests="4" name="api.test.UserTests" time="14.651" errors="0" timestamp="2023-09-03T15:16:15 PKT" skipped="0">
  <testcase classname="api.test.UserTests" name="testPostUser" time="2.502"/>
  <testcase classname="api.test.UserTests" name="testGetUserByName" time="6.018"/>
  <testcase classname="api.test.UserTests" name="testUpdateUserByName" time="4.373"/>
  <testcase classname="api.test.UserTests" name="testDeleteUserByName" time="1.758"/>
</testsuite> <!-- api.test.UserTests -->
